The system is: Linux - 3.16.0-4-amd64 - x86_64
Compiling the C compiler identification source file "CMakeCCompilerId.c" succeeded.
Compiler: /usr/bin/cc 
Build flags: 
Id flags: 

The output was:
0


Compilation of the C compiler identification source "CMakeCCompilerId.c" produced "a.out"

The C compiler identification is GNU, found in "/root/Документы/NN/ViZDoom-master/CMakeFiles/3.0.2/CompilerIdC/a.out"

Compiling the CXX compiler identification source file "CMakeCXXCompilerId.cpp" succeeded.
Compiler: /usr/bin/c++ 
Build flags: 
Id flags: 

The output was:
0


Compilation of the CXX compiler identification source "CMakeCXXCompilerId.cpp" produced "a.out"

The CXX compiler identification is GNU, found in "/root/Документы/NN/ViZDoom-master/CMakeFiles/3.0.2/CompilerIdCXX/a.out"

Determining if the C compiler works passed with the following output:
Change Dir: /root/Документы/NN/ViZDoom-master/CMakeFiles/CMakeTmp

Run Build Command:"/usr/bin/make" "cmTryCompileExec4180374513/fast"
/usr/bin/make -f CMakeFiles/cmTryCompileExec4180374513.dir/build.make CMakeFiles/cmTryCompileExec4180374513.dir/build
make[1]: вход в каталог «/root/Документы/NN/ViZDoom-master/CMakeFiles/CMakeTmp»
/usr/bin/cmake -E cmake_progress_report /root/Документы/NN/ViZDoom-master/CMakeFiles/CMakeTmp/CMakeFiles 1
Building C object CMakeFiles/cmTryCompileExec4180374513.dir/testCCompiler.c.o
/usr/bin/cc    -o CMakeFiles/cmTryCompileExec4180374513.dir/testCCompiler.c.o   -c /root/Документы/NN/ViZDoom-master/CMakeFiles/CMakeTmp/testCCompiler.c
Linking C executable cmTryCompileExec4180374513
/usr/bin/cmake -E cmake_link_script CMakeFiles/cmTryCompileExec4180374513.dir/link.txt --verbose=1
/usr/bin/cc       CMakeFiles/cmTryCompileExec4180374513.dir/testCCompiler.c.o  -o cmTryCompileExec4180374513 -rdynamic 
make[1]: выход из каталога «/root/Документы/NN/ViZDoom-master/CMakeFiles/CMakeTmp»


Detecting C compiler ABI info compiled with the following output:
Change Dir: /root/Документы/NN/ViZDoom-master/CMakeFiles/CMakeTmp

Run Build Command:"/usr/bin/make" "cmTryCompileExec2540621000/fast"
/usr/bin/make -f CMakeFiles/cmTryCompileExec2540621000.dir/build.make CMakeFiles/cmTryCompileExec2540621000.dir/build
make[1]: вход в каталог «/root/Документы/NN/ViZDoom-master/CMakeFiles/CMakeTmp»
/usr/bin/cmake -E cmake_progress_report /root/Документы/NN/ViZDoom-master/CMakeFiles/CMakeTmp/CMakeFiles 1
Building C object CMakeFiles/cmTryCompileExec2540621000.dir/CMakeCCompilerABI.c.o
/usr/bin/cc    -o CMakeFiles/cmTryCompileExec2540621000.dir/CMakeCCompilerABI.c.o   -c /usr/share/cmake-3.0/Modules/CMakeCCompilerABI.c
Linking C executable cmTryCompileExec2540621000
/usr/bin/cmake -E cmake_link_script CMakeFiles/cmTryCompileExec2540621000.dir/link.txt --verbose=1
/usr/bin/cc     -v CMakeFiles/cmTryCompileExec2540621000.dir/CMakeCCompilerABI.c.o  -o cmTryCompileExec2540621000 -rdynamic  
Using built-in specs.
COLLECT_GCC=/usr/bin/cc
COLLECT_LTO_WRAPPER=/usr/lib/gcc/x86_64-linux-gnu/4.9/lto-wrapper
Target: x86_64-linux-gnu
Configured with: ../src/configure -v --with-pkgversion='Debian 4.9.2-10' --with-bugurl=file:///usr/share/doc/gcc-4.9/README.Bugs --enable-languages=c,c++,java,go,d,fortran,objc,obj-c++ --prefix=/usr --program-suffix=-4.9 --enable-shared --enable-linker-build-id --libexecdir=/usr/lib --without-included-gettext --enable-threads=posix --with-gxx-include-dir=/usr/include/c++/4.9 --libdir=/usr/lib --enable-nls --with-sysroot=/ --enable-clocale=gnu --enable-libstdcxx-debug --enable-libstdcxx-time=yes --enable-gnu-unique-object --disable-vtable-verify --enable-plugin --with-system-zlib --disable-browser-plugin --enable-java-awt=gtk --enable-gtk-cairo --with-java-home=/usr/lib/jvm/java-1.5.0-gcj-4.9-amd64/jre --enable-java-home --with-jvm-root-dir=/usr/lib/jvm/java-1.5.0-gcj-4.9-amd64 --with-jvm-jar-dir=/usr/lib/jvm-exports/java-1.5.0-gcj-4.9-amd64 --with-arch-directory=amd64 --with-ecj-jar=/usr/share/java/eclipse-ecj.jar --enable-objc-gc --enable-multiarch --with-arch-32=i586 --with-abi=m64 --with-multilib-list=m32,m64,mx32 --enable-multilib --with-tune=generic --enable-checking=release --build=x86_64-linux-gnu --host=x86_64-linux-gnu --target=x86_64-linux-gnu
Thread model: posix
gcc version 4.9.2 (Debian 4.9.2-10) 
COMPILER_PATH=/usr/lib/gcc/x86_64-linux-gnu/4.9/:/usr/lib/gcc/x86_64-linux-gnu/4.9/:/usr/lib/gcc/x86_64-linux-gnu/:/usr/lib/gcc/x86_64-linux-gnu/4.9/:/usr/lib/gcc/x86_64-linux-gnu/
LIBRARY_PATH=/usr/lib/gcc/x86_64-linux-gnu/4.9/:/usr/lib/gcc/x86_64-linux-gnu/4.9/../../../x86_64-linux-gnu/:/usr/lib/gcc/x86_64-linux-gnu/4.9/../../../../lib/:/lib/x86_64-linux-gnu/:/lib/../lib/:/usr/lib/x86_64-linux-gnu/:/usr/lib/../lib/:/usr/lib/gcc/x86_64-linux-gnu/4.9/../../../:/lib/:/usr/lib/
COLLECT_GCC_OPTIONS='-v' '-o' 'cmTryCompileExec2540621000' '-rdynamic' '-mtune=generic' '-march=x86-64'
 /usr/lib/gcc/x86_64-linux-gnu/4.9/collect2 -plugin /usr/lib/gcc/x86_64-linux-gnu/4.9/liblto_plugin.so -plugin-opt=/usr/lib/gcc/x86_64-linux-gnu/4.9/lto-wrapper -plugin-opt=-fresolution=/tmp/cc658qNq.res -plugin-opt=-pass-through=-lgcc -plugin-opt=-pass-through=-lgcc_s -plugin-opt=-pass-through=-lc -plugin-opt=-pass-through=-lgcc -plugin-opt=-pass-through=-lgcc_s --sysroot=/ --build-id --eh-frame-hdr -m elf_x86_64 --hash-style=gnu -export-dynamic -dynamic-linker /lib64/ld-linux-x86-64.so.2 -o cmTryCompileExec2540621000 /usr/lib/gcc/x86_64-linux-gnu/4.9/../../../x86_64-linux-gnu/crt1.o /usr/lib/gcc/x86_64-linux-gnu/4.9/../../../x86_64-linux-gnu/crti.o /usr/lib/gcc/x86_64-linux-gnu/4.9/crtbegin.o -L/usr/lib/gcc/x86_64-linux-gnu/4.9 -L/usr/lib/gcc/x86_64-linux-gnu/4.9/../../../x86_64-linux-gnu -L/usr/lib/gcc/x86_64-linux-gnu/4.9/../../../../lib -L/lib/x86_64-linux-gnu -L/lib/../lib -L/usr/lib/x86_64-linux-gnu -L/usr/lib/../lib -L/usr/lib/gcc/x86_64-linux-gnu/4.9/../../.. CMakeFiles/cmTryCompileExec2540621000.dir/CMakeCCompilerABI.c.o -lgcc --as-needed -lgcc_s --no-as-needed -lc -lgcc --as-needed -lgcc_s --no-as-needed /usr/lib/gcc/x86_64-linux-gnu/4.9/crtend.o /usr/lib/gcc/x86_64-linux-gnu/4.9/../../../x86_64-linux-gnu/crtn.o
make[1]: выход из каталога «/root/Документы/NN/ViZDoom-master/CMakeFiles/CMakeTmp»


Parsed C implicit link information from above output:
  link line regex: [^( *|.*[/\])(ld|([^/\]+-)?ld|collect2)[^/\]*( |$)]
  ignore line: [Change Dir: /root/Документы/NN/ViZDoom-master/CMakeFiles/CMakeTmp]
  ignore line: []
  ignore line: [Run Build Command:"/usr/bin/make" "cmTryCompileExec2540621000/fast"]
  ignore line: [/usr/bin/make -f CMakeFiles/cmTryCompileExec2540621000.dir/build.make CMakeFiles/cmTryCompileExec2540621000.dir/build]
  ignore line: [make[1]: вход в каталог «/root/Документы/NN/ViZDoom-master/CMakeFiles/CMakeTmp»]
  ignore line: [/usr/bin/cmake -E cmake_progress_report /root/Документы/NN/ViZDoom-master/CMakeFiles/CMakeTmp/CMakeFiles 1]
  ignore line: [Building C object CMakeFiles/cmTryCompileExec2540621000.dir/CMakeCCompilerABI.c.o]
  ignore line: [/usr/bin/cc    -o CMakeFiles/cmTryCompileExec2540621000.dir/CMakeCCompilerABI.c.o   -c /usr/share/cmake-3.0/Modules/CMakeCCompilerABI.c]
  ignore line: [Linking C executable cmTryCompileExec2540621000]
  ignore line: [/usr/bin/cmake -E cmake_link_script CMakeFiles/cmTryCompileExec2540621000.dir/link.txt --verbose=1]
  ignore line: [/usr/bin/cc     -v CMakeFiles/cmTryCompileExec2540621000.dir/CMakeCCompilerABI.c.o  -o cmTryCompileExec2540621000 -rdynamic  ]
  ignore line: [Using built-in specs.]
  ignore line: [COLLECT_GCC=/usr/bin/cc]
  ignore line: [COLLECT_LTO_WRAPPER=/usr/lib/gcc/x86_64-linux-gnu/4.9/lto-wrapper]
  ignore line: [Target: x86_64-linux-gnu]
  ignore line: [Configured with: ../src/configure -v --with-pkgversion='Debian 4.9.2-10' --with-bugurl=file:///usr/share/doc/gcc-4.9/README.Bugs --enable-languages=c,c++,java,go,d,fortran,objc,obj-c++ --prefix=/usr --program-suffix=-4.9 --enable-shared --enable-linker-build-id --libexecdir=/usr/lib --without-included-gettext --enable-threads=posix --with-gxx-include-dir=/usr/include/c++/4.9 --libdir=/usr/lib --enable-nls --with-sysroot=/ --enable-clocale=gnu --enable-libstdcxx-debug --enable-libstdcxx-time=yes --enable-gnu-unique-object --disable-vtable-verify --enable-plugin --with-system-zlib --disable-browser-plugin --enable-java-awt=gtk --enable-gtk-cairo --with-java-home=/usr/lib/jvm/java-1.5.0-gcj-4.9-amd64/jre --enable-java-home --with-jvm-root-dir=/usr/lib/jvm/java-1.5.0-gcj-4.9-amd64 --with-jvm-jar-dir=/usr/lib/jvm-exports/java-1.5.0-gcj-4.9-amd64 --with-arch-directory=amd64 --with-ecj-jar=/usr/share/java/eclipse-ecj.jar --enable-objc-gc --enable-multiarch --with-arch-32=i586 --with-abi=m64 --with-multilib-list=m32,m64,mx32 --enable-multilib --with-tune=generic --enable-checking=release --build=x86_64-linux-gnu --host=x86_64-linux-gnu --target=x86_64-linux-gnu]
  ignore line: [Thread model: posix]
  ignore line: [gcc version 4.9.2 (Debian 4.9.2-10) ]
  ignore line: [COMPILER_PATH=/usr/lib/gcc/x86_64-linux-gnu/4.9/:/usr/lib/gcc/x86_64-linux-gnu/4.9/:/usr/lib/gcc/x86_64-linux-gnu/:/usr/lib/gcc/x86_64-linux-gnu/4.9/:/usr/lib/gcc/x86_64-linux-gnu/]
  ignore line: [LIBRARY_PATH=/usr/lib/gcc/x86_64-linux-gnu/4.9/:/usr/lib/gcc/x86_64-linux-gnu/4.9/../../../x86_64-linux-gnu/:/usr/lib/gcc/x86_64-linux-gnu/4.9/../../../../lib/:/lib/x86_64-linux-gnu/:/lib/../lib/:/usr/lib/x86_64-linux-gnu/:/usr/lib/../lib/:/usr/lib/gcc/x86_64-linux-gnu/4.9/../../../:/lib/:/usr/lib/]
  ignore line: [COLLECT_GCC_OPTIONS='-v' '-o' 'cmTryCompileExec2540621000' '-rdynamic' '-mtune=generic' '-march=x86-64']
  link line: [ /usr/lib/gcc/x86_64-linux-gnu/4.9/collect2 -plugin /usr/lib/gcc/x86_64-linux-gnu/4.9/liblto_plugin.so -plugin-opt=/usr/lib/gcc/x86_64-linux-gnu/4.9/lto-wrapper -plugin-opt=-fresolution=/tmp/cc658qNq.res -plugin-opt=-pass-through=-lgcc -plugin-opt=-pass-through=-lgcc_s -plugin-opt=-pass-through=-lc -plugin-opt=-pass-through=-lgcc -plugin-opt=-pass-through=-lgcc_s --sysroot=/ --build-id --eh-frame-hdr -m elf_x86_64 --hash-style=gnu -export-dynamic -dynamic-linker /lib64/ld-linux-x86-64.so.2 -o cmTryCompileExec2540621000 /usr/lib/gcc/x86_64-linux-gnu/4.9/../../../x86_64-linux-gnu/crt1.o /usr/lib/gcc/x86_64-linux-gnu/4.9/../../../x86_64-linux-gnu/crti.o /usr/lib/gcc/x86_64-linux-gnu/4.9/crtbegin.o -L/usr/lib/gcc/x86_64-linux-gnu/4.9 -L/usr/lib/gcc/x86_64-linux-gnu/4.9/../../../x86_64-linux-gnu -L/usr/lib/gcc/x86_64-linux-gnu/4.9/../../../../lib -L/lib/x86_64-linux-gnu -L/lib/../lib -L/usr/lib/x86_64-linux-gnu -L/usr/lib/../lib -L/usr/lib/gcc/x86_64-linux-gnu/4.9/../../.. CMakeFiles/cmTryCompileExec2540621000.dir/CMakeCCompilerABI.c.o -lgcc --as-needed -lgcc_s --no-as-needed -lc -lgcc --as-needed -lgcc_s --no-as-needed /usr/lib/gcc/x86_64-linux-gnu/4.9/crtend.o /usr/lib/gcc/x86_64-linux-gnu/4.9/../../../x86_64-linux-gnu/crtn.o]
    arg [/usr/lib/gcc/x86_64-linux-gnu/4.9/collect2] ==> ignore
    arg [-plugin] ==> ignore
    arg [/usr/lib/gcc/x86_64-linux-gnu/4.9/liblto_plugin.so] ==> ignore
    arg [-plugin-opt=/usr/lib/gcc/x86_64-linux-gnu/4.9/lto-wrapper] ==> ignore
    arg [-plugin-opt=-fresolution=/tmp/cc658qNq.res] ==> ignore
    arg [-plugin-opt=-pass-through=-lgcc] ==> ignore
    arg [-plugin-opt=-pass-through=-lgcc_s] ==> ignore
    arg [-plugin-opt=-pass-through=-lc] ==> ignore
    arg [-plugin-opt=-pass-through=-lgcc] ==> ignore
    arg [-plugin-opt=-pass-through=-lgcc_s] ==> ignore
    arg [--sysroot=/] ==> ignore
    arg [--build-id] ==> ignore
    arg [--eh-frame-hdr] ==> ignore
    arg [-m] ==> ignore
    arg [elf_x86_64] ==> ignore
    arg [--hash-style=gnu] ==> ignore
    arg [-export-dynamic] ==> ignore
    arg [-dynamic-linker] ==> ignore
    arg [/lib64/ld-linux-x86-64.so.2] ==> ignore
    arg [-o] ==> ignore
    arg [cmTryCompileExec2540621000] ==> ignore
    arg [/usr/lib/gcc/x86_64-linux-gnu/4.9/../../../x86_64-linux-gnu/crt1.o] ==> ignore
    arg [/usr/lib/gcc/x86_64-linux-gnu/4.9/../../../x86_64-linux-gnu/crti.o] ==> ignore
    arg [/usr/lib/gcc/x86_64-linux-gnu/4.9/crtbegin.o] ==> ignore
    arg [-L/usr/lib/gcc/x86_64-linux-gnu/4.9] ==> dir [/usr/lib/gcc/x86_64-linux-gnu/4.9]
    arg [-L/usr/lib/gcc/x86_64-linux-gnu/4.9/../../../x86_64-linux-gnu] ==> dir [/usr/lib/gcc/x86_64-linux-gnu/4.9/../../../x86_64-linux-gnu]
    arg [-L/usr/lib/gcc/x86_64-linux-gnu/4.9/../../../../lib] ==> dir [/usr/lib/gcc/x86_64-linux-gnu/4.9/../../../../lib]
    arg [-L/lib/x86_64-linux-gnu] ==> dir [/lib/x86_64-linux-gnu]
    arg [-L/lib/../lib] ==> dir [/lib/../lib]
    arg [-L/usr/lib/x86_64-linux-gnu] ==> dir [/usr/lib/x86_64-linux-gnu]
    arg [-L/usr/lib/../lib] ==> dir [/usr/lib/../lib]
    arg [-L/usr/lib/gcc/x86_64-linux-gnu/4.9/../../..] ==> dir [/usr/lib/gcc/x86_64-linux-gnu/4.9/../../..]
    arg [CMakeFiles/cmTryCompileExec2540621000.dir/CMakeCCompilerABI.c.o] ==> ignore
    arg [-lgcc] ==> lib [gcc]
    arg [--as-needed] ==> ignore
    arg [-lgcc_s] ==> lib [gcc_s]
    arg [--no-as-needed] ==> ignore
    arg [-lc] ==> lib [c]
    arg [-lgcc] ==> lib [gcc]
    arg [--as-needed] ==> ignore
    arg [-lgcc_s] ==> lib [gcc_s]
    arg [--no-as-needed] ==> ignore
    arg [/usr/lib/gcc/x86_64-linux-gnu/4.9/crtend.o] ==> ignore
    arg [/usr/lib/gcc/x86_64-linux-gnu/4.9/../../../x86_64-linux-gnu/crtn.o] ==> ignore
  remove lib [gcc]
  remove lib [gcc_s]
  remove lib [gcc]
  remove lib [gcc_s]
  collapse library dir [/usr/lib/gcc/x86_64-linux-gnu/4.9] ==> [/usr/lib/gcc/x86_64-linux-gnu/4.9]
  collapse library dir [/usr/lib/gcc/x86_64-linux-gnu/4.9/../../../x86_64-linux-gnu] ==> [/usr/lib/x86_64-linux-gnu]
  collapse library dir [/usr/lib/gcc/x86_64-linux-gnu/4.9/../../../../lib] ==> [/usr/lib]
  collapse library dir [/lib/x86_64-linux-gnu] ==> [/lib/x86_64-linux-gnu]
  collapse library dir [/lib/../lib] ==> [/lib]
  collapse library dir [/usr/lib/x86_64-linux-gnu] ==> [/usr/lib/x86_64-linux-gnu]
  collapse library dir [/usr/lib/../lib] ==> [/usr/lib]
  collapse library dir [/usr/lib/gcc/x86_64-linux-gnu/4.9/../../..] ==> [/usr/lib]
  implicit libs: [c]
  implicit dirs: [/usr/lib/gcc/x86_64-linux-gnu/4.9;/usr/lib/x86_64-linux-gnu;/usr/lib;/lib/x86_64-linux-gnu;/lib]
  implicit fwks: []


Determining if the CXX compiler works passed with the following output:
Change Dir: /root/Документы/NN/ViZDoom-master/CMakeFiles/CMakeTmp

Run Build Command:"/usr/bin/make" "cmTryCompileExec3341942124/fast"
/usr/bin/make -f CMakeFiles/cmTryCompileExec3341942124.dir/build.make CMakeFiles/cmTryCompileExec3341942124.dir/build
make[1]: вход в каталог «/root/Документы/NN/ViZDoom-master/CMakeFiles/CMakeTmp»
/usr/bin/cmake -E cmake_progress_report /root/Документы/NN/ViZDoom-master/CMakeFiles/CMakeTmp/CMakeFiles 1
Building CXX object CMakeFiles/cmTryCompileExec3341942124.dir/testCXXCompiler.cxx.o
/usr/bin/c++     -o CMakeFiles/cmTryCompileExec3341942124.dir/testCXXCompiler.cxx.o -c /root/Документы/NN/ViZDoom-master/CMakeFiles/CMakeTmp/testCXXCompiler.cxx
Linking CXX executable cmTryCompileExec3341942124
/usr/bin/cmake -E cmake_link_script CMakeFiles/cmTryCompileExec3341942124.dir/link.txt --verbose=1
/usr/bin/c++        CMakeFiles/cmTryCompileExec3341942124.dir/testCXXCompiler.cxx.o  -o cmTryCompileExec3341942124 -rdynamic 
make[1]: выход из каталога «/root/Документы/NN/ViZDoom-master/CMakeFiles/CMakeTmp»


Detecting CXX compiler ABI info compiled with the following output:
Change Dir: /root/Документы/NN/ViZDoom-master/CMakeFiles/CMakeTmp

Run Build Command:"/usr/bin/make" "cmTryCompileExec982617612/fast"
/usr/bin/make -f CMakeFiles/cmTryCompileExec982617612.dir/build.make CMakeFiles/cmTryCompileExec982617612.dir/build
make[1]: вход в каталог «/root/Документы/NN/ViZDoom-master/CMakeFiles/CMakeTmp»
/usr/bin/cmake -E cmake_progress_report /root/Документы/NN/ViZDoom-master/CMakeFiles/CMakeTmp/CMakeFiles 1
Building CXX object CMakeFiles/cmTryCompileExec982617612.dir/CMakeCXXCompilerABI.cpp.o
/usr/bin/c++     -o CMakeFiles/cmTryCompileExec982617612.dir/CMakeCXXCompilerABI.cpp.o -c /usr/share/cmake-3.0/Modules/CMakeCXXCompilerABI.cpp
Linking CXX executable cmTryCompileExec982617612
/usr/bin/cmake -E cmake_link_script CMakeFiles/cmTryCompileExec982617612.dir/link.txt --verbose=1
/usr/bin/c++      -v CMakeFiles/cmTryCompileExec982617612.dir/CMakeCXXCompilerABI.cpp.o  -o cmTryCompileExec982617612 -rdynamic  
Using built-in specs.
COLLECT_GCC=/usr/bin/c++
COLLECT_LTO_WRAPPER=/usr/lib/gcc/x86_64-linux-gnu/4.9/lto-wrapper
Target: x86_64-linux-gnu
Configured with: ../src/configure -v --with-pkgversion='Debian 4.9.2-10' --with-bugurl=file:///usr/share/doc/gcc-4.9/README.Bugs --enable-languages=c,c++,java,go,d,fortran,objc,obj-c++ --prefix=/usr --program-suffix=-4.9 --enable-shared --enable-linker-build-id --libexecdir=/usr/lib --without-included-gettext --enable-threads=posix --with-gxx-include-dir=/usr/include/c++/4.9 --libdir=/usr/lib --enable-nls --with-sysroot=/ --enable-clocale=gnu --enable-libstdcxx-debug --enable-libstdcxx-time=yes --enable-gnu-unique-object --disable-vtable-verify --enable-plugin --with-system-zlib --disable-browser-plugin --enable-java-awt=gtk --enable-gtk-cairo --with-java-home=/usr/lib/jvm/java-1.5.0-gcj-4.9-amd64/jre --enable-java-home --with-jvm-root-dir=/usr/lib/jvm/java-1.5.0-gcj-4.9-amd64 --with-jvm-jar-dir=/usr/lib/jvm-exports/java-1.5.0-gcj-4.9-amd64 --with-arch-directory=amd64 --with-ecj-jar=/usr/share/java/eclipse-ecj.jar --enable-objc-gc --enable-multiarch --with-arch-32=i586 --with-abi=m64 --with-multilib-list=m32,m64,mx32 --enable-multilib --with-tune=generic --enable-checking=release --build=x86_64-linux-gnu --host=x86_64-linux-gnu --target=x86_64-linux-gnu
Thread model: posix
gcc version 4.9.2 (Debian 4.9.2-10) 
COMPILER_PATH=/usr/lib/gcc/x86_64-linux-gnu/4.9/:/usr/lib/gcc/x86_64-linux-gnu/4.9/:/usr/lib/gcc/x86_64-linux-gnu/:/usr/lib/gcc/x86_64-linux-gnu/4.9/:/usr/lib/gcc/x86_64-linux-gnu/
LIBRARY_PATH=/usr/lib/gcc/x86_64-linux-gnu/4.9/:/usr/lib/gcc/x86_64-linux-gnu/4.9/../../../x86_64-linux-gnu/:/usr/lib/gcc/x86_64-linux-gnu/4.9/../../../../lib/:/lib/x86_64-linux-gnu/:/lib/../lib/:/usr/lib/x86_64-linux-gnu/:/usr/lib/../lib/:/usr/lib/gcc/x86_64-linux-gnu/4.9/../../../:/lib/:/usr/lib/
COLLECT_GCC_OPTIONS='-v' '-o' 'cmTryCompileExec982617612' '-rdynamic' '-shared-libgcc' '-mtune=generic' '-march=x86-64'
 /usr/lib/gcc/x86_64-linux-gnu/4.9/collect2 -plugin /usr/lib/gcc/x86_64-linux-gnu/4.9/liblto_plugin.so -plugin-opt=/usr/lib/gcc/x86_64-linux-gnu/4.9/lto-wrapper -plugin-opt=-fresolution=/tmp/ccFOi6Mv.res -plugin-opt=-pass-through=-lgcc_s -plugin-opt=-pass-through=-lgcc -plugin-opt=-pass-through=-lc -plugin-opt=-pass-through=-lgcc_s -plugin-opt=-pass-through=-lgcc --sysroot=/ --build-id --eh-frame-hdr -m elf_x86_64 --hash-style=gnu -export-dynamic -dynamic-linker /lib64/ld-linux-x86-64.so.2 -o cmTryCompileExec982617612 /usr/lib/gcc/x86_64-linux-gnu/4.9/../../../x86_64-linux-gnu/crt1.o /usr/lib/gcc/x86_64-linux-gnu/4.9/../../../x86_64-linux-gnu/crti.o /usr/lib/gcc/x86_64-linux-gnu/4.9/crtbegin.o -L/usr/lib/gcc/x86_64-linux-gnu/4.9 -L/usr/lib/gcc/x86_64-linux-gnu/4.9/../../../x86_64-linux-gnu -L/usr/lib/gcc/x86_64-linux-gnu/4.9/../../../../lib -L/lib/x86_64-linux-gnu -L/lib/../lib -L/usr/lib/x86_64-linux-gnu -L/usr/lib/../lib -L/usr/lib/gcc/x86_64-linux-gnu/4.9/../../.. CMakeFiles/cmTryCompileExec982617612.dir/CMakeCXXCompilerABI.cpp.o -lstdc++ -lm -lgcc_s -lgcc -lc -lgcc_s -lgcc /usr/lib/gcc/x86_64-linux-gnu/4.9/crtend.o /usr/lib/gcc/x86_64-linux-gnu/4.9/../../../x86_64-linux-gnu/crtn.o
make[1]: выход из каталога «/root/Документы/NN/ViZDoom-master/CMakeFiles/CMakeTmp»


Parsed CXX implicit link information from above output:
  link line regex: [^( *|.*[/\])(ld|([^/\]+-)?ld|collect2)[^/\]*( |$)]
  ignore line: [Change Dir: /root/Документы/NN/ViZDoom-master/CMakeFiles/CMakeTmp]
  ignore line: []
  ignore line: [Run Build Command:"/usr/bin/make" "cmTryCompileExec982617612/fast"]
  ignore line: [/usr/bin/make -f CMakeFiles/cmTryCompileExec982617612.dir/build.make CMakeFiles/cmTryCompileExec982617612.dir/build]
  ignore line: [make[1]: вход в каталог «/root/Документы/NN/ViZDoom-master/CMakeFiles/CMakeTmp»]
  ignore line: [/usr/bin/cmake -E cmake_progress_report /root/Документы/NN/ViZDoom-master/CMakeFiles/CMakeTmp/CMakeFiles 1]
  ignore line: [Building CXX object CMakeFiles/cmTryCompileExec982617612.dir/CMakeCXXCompilerABI.cpp.o]
  ignore line: [/usr/bin/c++     -o CMakeFiles/cmTryCompileExec982617612.dir/CMakeCXXCompilerABI.cpp.o -c /usr/share/cmake-3.0/Modules/CMakeCXXCompilerABI.cpp]
  ignore line: [Linking CXX executable cmTryCompileExec982617612]
  ignore line: [/usr/bin/cmake -E cmake_link_script CMakeFiles/cmTryCompileExec982617612.dir/link.txt --verbose=1]
  ignore line: [/usr/bin/c++      -v CMakeFiles/cmTryCompileExec982617612.dir/CMakeCXXCompilerABI.cpp.o  -o cmTryCompileExec982617612 -rdynamic  ]
  ignore line: [Using built-in specs.]
  ignore line: [COLLECT_GCC=/usr/bin/c++]
  ignore line: [COLLECT_LTO_WRAPPER=/usr/lib/gcc/x86_64-linux-gnu/4.9/lto-wrapper]
  ignore line: [Target: x86_64-linux-gnu]
  ignore line: [Configured with: ../src/configure -v --with-pkgversion='Debian 4.9.2-10' --with-bugurl=file:///usr/share/doc/gcc-4.9/README.Bugs --enable-languages=c,c++,java,go,d,fortran,objc,obj-c++ --prefix=/usr --program-suffix=-4.9 --enable-shared --enable-linker-build-id --libexecdir=/usr/lib --without-included-gettext --enable-threads=posix --with-gxx-include-dir=/usr/include/c++/4.9 --libdir=/usr/lib --enable-nls --with-sysroot=/ --enable-clocale=gnu --enable-libstdcxx-debug --enable-libstdcxx-time=yes --enable-gnu-unique-object --disable-vtable-verify --enable-plugin --with-system-zlib --disable-browser-plugin --enable-java-awt=gtk --enable-gtk-cairo --with-java-home=/usr/lib/jvm/java-1.5.0-gcj-4.9-amd64/jre --enable-java-home --with-jvm-root-dir=/usr/lib/jvm/java-1.5.0-gcj-4.9-amd64 --with-jvm-jar-dir=/usr/lib/jvm-exports/java-1.5.0-gcj-4.9-amd64 --with-arch-directory=amd64 --with-ecj-jar=/usr/share/java/eclipse-ecj.jar --enable-objc-gc --enable-multiarch --with-arch-32=i586 --with-abi=m64 --with-multilib-list=m32,m64,mx32 --enable-multilib --with-tune=generic --enable-checking=release --build=x86_64-linux-gnu --host=x86_64-linux-gnu --target=x86_64-linux-gnu]
  ignore line: [Thread model: posix]
  ignore line: [gcc version 4.9.2 (Debian 4.9.2-10) ]
  ignore line: [COMPILER_PATH=/usr/lib/gcc/x86_64-linux-gnu/4.9/:/usr/lib/gcc/x86_64-linux-gnu/4.9/:/usr/lib/gcc/x86_64-linux-gnu/:/usr/lib/gcc/x86_64-linux-gnu/4.9/:/usr/lib/gcc/x86_64-linux-gnu/]
  ignore line: [LIBRARY_PATH=/usr/lib/gcc/x86_64-linux-gnu/4.9/:/usr/lib/gcc/x86_64-linux-gnu/4.9/../../../x86_64-linux-gnu/:/usr/lib/gcc/x86_64-linux-gnu/4.9/../../../../lib/:/lib/x86_64-linux-gnu/:/lib/../lib/:/usr/lib/x86_64-linux-gnu/:/usr/lib/../lib/:/usr/lib/gcc/x86_64-linux-gnu/4.9/../../../:/lib/:/usr/lib/]
  ignore line: [COLLECT_GCC_OPTIONS='-v' '-o' 'cmTryCompileExec982617612' '-rdynamic' '-shared-libgcc' '-mtune=generic' '-march=x86-64']
  link line: [ /usr/lib/gcc/x86_64-linux-gnu/4.9/collect2 -plugin /usr/lib/gcc/x86_64-linux-gnu/4.9/liblto_plugin.so -plugin-opt=/usr/lib/gcc/x86_64-linux-gnu/4.9/lto-wrapper -plugin-opt=-fresolution=/tmp/ccFOi6Mv.res -plugin-opt=-pass-through=-lgcc_s -plugin-opt=-pass-through=-lgcc -plugin-opt=-pass-through=-lc -plugin-opt=-pass-through=-lgcc_s -plugin-opt=-pass-through=-lgcc --sysroot=/ --build-id --eh-frame-hdr -m elf_x86_64 --hash-style=gnu -export-dynamic -dynamic-linker /lib64/ld-linux-x86-64.so.2 -o cmTryCompileExec982617612 /usr/lib/gcc/x86_64-linux-gnu/4.9/../../../x86_64-linux-gnu/crt1.o /usr/lib/gcc/x86_64-linux-gnu/4.9/../../../x86_64-linux-gnu/crti.o /usr/lib/gcc/x86_64-linux-gnu/4.9/crtbegin.o -L/usr/lib/gcc/x86_64-linux-gnu/4.9 -L/usr/lib/gcc/x86_64-linux-gnu/4.9/../../../x86_64-linux-gnu -L/usr/lib/gcc/x86_64-linux-gnu/4.9/../../../../lib -L/lib/x86_64-linux-gnu -L/lib/../lib -L/usr/lib/x86_64-linux-gnu -L/usr/lib/../lib -L/usr/lib/gcc/x86_64-linux-gnu/4.9/../../.. CMakeFiles/cmTryCompileExec982617612.dir/CMakeCXXCompilerABI.cpp.o -lstdc++ -lm -lgcc_s -lgcc -lc -lgcc_s -lgcc /usr/lib/gcc/x86_64-linux-gnu/4.9/crtend.o /usr/lib/gcc/x86_64-linux-gnu/4.9/../../../x86_64-linux-gnu/crtn.o]
    arg [/usr/lib/gcc/x86_64-linux-gnu/4.9/collect2] ==> ignore
    arg [-plugin] ==> ignore
    arg [/usr/lib/gcc/x86_64-linux-gnu/4.9/liblto_plugin.so] ==> ignore
    arg [-plugin-opt=/usr/lib/gcc/x86_64-linux-gnu/4.9/lto-wrapper] ==> ignore
    arg [-plugin-opt=-fresolution=/tmp/ccFOi6Mv.res] ==> ignore
    arg [-plugin-opt=-pass-through=-lgcc_s] ==> ignore
    arg [-plugin-opt=-pass-through=-lgcc] ==> ignore
    arg [-plugin-opt=-pass-through=-lc] ==> ignore
    arg [-plugin-opt=-pass-through=-lgcc_s] ==> ignore
    arg [-plugin-opt=-pass-through=-lgcc] ==> ignore
    arg [--sysroot=/] ==> ignore
    arg [--build-id] ==> ignore
    arg [--eh-frame-hdr] ==> ignore
    arg [-m] ==> ignore
    arg [elf_x86_64] ==> ignore
    arg [--hash-style=gnu] ==> ignore
    arg [-export-dynamic] ==> ignore
    arg [-dynamic-linker] ==> ignore
    arg [/lib64/ld-linux-x86-64.so.2] ==> ignore
    arg [-o] ==> ignore
    arg [cmTryCompileExec982617612] ==> ignore
    arg [/usr/lib/gcc/x86_64-linux-gnu/4.9/../../../x86_64-linux-gnu/crt1.o] ==> ignore
    arg [/usr/lib/gcc/x86_64-linux-gnu/4.9/../../../x86_64-linux-gnu/crti.o] ==> ignore
    arg [/usr/lib/gcc/x86_64-linux-gnu/4.9/crtbegin.o] ==> ignore
    arg [-L/usr/lib/gcc/x86_64-linux-gnu/4.9] ==> dir [/usr/lib/gcc/x86_64-linux-gnu/4.9]
    arg [-L/usr/lib/gcc/x86_64-linux-gnu/4.9/../../../x86_64-linux-gnu] ==> dir [/usr/lib/gcc/x86_64-linux-gnu/4.9/../../../x86_64-linux-gnu]
    arg [-L/usr/lib/gcc/x86_64-linux-gnu/4.9/../../../../lib] ==> dir [/usr/lib/gcc/x86_64-linux-gnu/4.9/../../../../lib]
    arg [-L/lib/x86_64-linux-gnu] ==> dir [/lib/x86_64-linux-gnu]
    arg [-L/lib/../lib] ==> dir [/lib/../lib]
    arg [-L/usr/lib/x86_64-linux-gnu] ==> dir [/usr/lib/x86_64-linux-gnu]
    arg [-L/usr/lib/../lib] ==> dir [/usr/lib/../lib]
    arg [-L/usr/lib/gcc/x86_64-linux-gnu/4.9/../../..] ==> dir [/usr/lib/gcc/x86_64-linux-gnu/4.9/../../..]
    arg [CMakeFiles/cmTryCompileExec982617612.dir/CMakeCXXCompilerABI.cpp.o] ==> ignore
    arg [-lstdc++] ==> lib [stdc++]
    arg [-lm] ==> lib [m]
    arg [-lgcc_s] ==> lib [gcc_s]
    arg [-lgcc] ==> lib [gcc]
    arg [-lc] ==> lib [c]
    arg [-lgcc_s] ==> lib [gcc_s]
    arg [-lgcc] ==> lib [gcc]
    arg [/usr/lib/gcc/x86_64-linux-gnu/4.9/crtend.o] ==> ignore
    arg [/usr/lib/gcc/x86_64-linux-gnu/4.9/../../../x86_64-linux-gnu/crtn.o] ==> ignore
  remove lib [gcc_s]
  remove lib [gcc]
  remove lib [gcc_s]
  remove lib [gcc]
  collapse library dir [/usr/lib/gcc/x86_64-linux-gnu/4.9] ==> [/usr/lib/gcc/x86_64-linux-gnu/4.9]
  collapse library dir [/usr/lib/gcc/x86_64-linux-gnu/4.9/../../../x86_64-linux-gnu] ==> [/usr/lib/x86_64-linux-gnu]
  collapse library dir [/usr/lib/gcc/x86_64-linux-gnu/4.9/../../../../lib] ==> [/usr/lib]
  collapse library dir [/lib/x86_64-linux-gnu] ==> [/lib/x86_64-linux-gnu]
  collapse library dir [/lib/../lib] ==> [/lib]
  collapse library dir [/usr/lib/x86_64-linux-gnu] ==> [/usr/lib/x86_64-linux-gnu]
  collapse library dir [/usr/lib/../lib] ==> [/usr/lib]
  collapse library dir [/usr/lib/gcc/x86_64-linux-gnu/4.9/../../..] ==> [/usr/lib]
  implicit libs: [stdc++;m;c]
  implicit dirs: [/usr/lib/gcc/x86_64-linux-gnu/4.9;/usr/lib/x86_64-linux-gnu;/usr/lib;/lib/x86_64-linux-gnu;/lib]
  implicit fwks: []


Determining if files pthread.h exist passed with the following output:
Change Dir: /root/Документы/NN/ViZDoom-master/CMakeFiles/CMakeTmp

Run Build Command:"/usr/bin/make" "cmTryCompileExec1190213680/fast"
/usr/bin/make -f CMakeFiles/cmTryCompileExec1190213680.dir/build.make CMakeFiles/cmTryCompileExec1190213680.dir/build
make[1]: вход в каталог «/root/Документы/NN/ViZDoom-master/CMakeFiles/CMakeTmp»
/usr/bin/cmake -E cmake_progress_report /root/Документы/NN/ViZDoom-master/CMakeFiles/CMakeTmp/CMakeFiles 1
Building C object CMakeFiles/cmTryCompileExec1190213680.dir/CheckIncludeFiles.c.o
/usr/bin/cc    -o CMakeFiles/cmTryCompileExec1190213680.dir/CheckIncludeFiles.c.o   -c /root/Документы/NN/ViZDoom-master/CMakeFiles/CMakeTmp/CheckIncludeFiles.c
Linking C executable cmTryCompileExec1190213680
/usr/bin/cmake -E cmake_link_script CMakeFiles/cmTryCompileExec1190213680.dir/link.txt --verbose=1
/usr/bin/cc       CMakeFiles/cmTryCompileExec1190213680.dir/CheckIncludeFiles.c.o  -o cmTryCompileExec1190213680 -rdynamic 
make[1]: выход из каталога «/root/Документы/NN/ViZDoom-master/CMakeFiles/CMakeTmp»


Determining if the function pthread_create exists in the pthread passed with the following output:
Change Dir: /root/Документы/NN/ViZDoom-master/CMakeFiles/CMakeTmp

Run Build Command:"/usr/bin/make" "cmTryCompileExec1846110297/fast"
/usr/bin/make -f CMakeFiles/cmTryCompileExec1846110297.dir/build.make CMakeFiles/cmTryCompileExec1846110297.dir/build
make[1]: вход в каталог «/root/Документы/NN/ViZDoom-master/CMakeFiles/CMakeTmp»
/usr/bin/cmake -E cmake_progress_report /root/Документы/NN/ViZDoom-master/CMakeFiles/CMakeTmp/CMakeFiles 1
Building C object CMakeFiles/cmTryCompileExec1846110297.dir/CheckFunctionExists.c.o
/usr/bin/cc   -DCHECK_FUNCTION_EXISTS=pthread_create   -o CMakeFiles/cmTryCompileExec1846110297.dir/CheckFunctionExists.c.o   -c /usr/share/cmake-3.0/Modules/CheckFunctionExists.c
Linking C executable cmTryCompileExec1846110297
/usr/bin/cmake -E cmake_link_script CMakeFiles/cmTryCompileExec1846110297.dir/link.txt --verbose=1
/usr/bin/cc   -DCHECK_FUNCTION_EXISTS=pthread_create    CMakeFiles/cmTryCompileExec1846110297.dir/CheckFunctionExists.c.o  -o cmTryCompileExec1846110297 -rdynamic -lpthread 
make[1]: выход из каталога «/root/Документы/NN/ViZDoom-master/CMakeFiles/CMakeTmp»


Determining if the function BZ2_bzCompressInit exists in the /usr/lib/x86_64-linux-gnu/libbz2.so passed with the following output:
Change Dir: /root/Документы/NN/ViZDoom-master/CMakeFiles/CMakeTmp

Run Build Command:"/usr/bin/make" "cmTryCompileExec3690469960/fast"
/usr/bin/make -f CMakeFiles/cmTryCompileExec3690469960.dir/build.make CMakeFiles/cmTryCompileExec3690469960.dir/build
make[1]: вход в каталог «/root/Документы/NN/ViZDoom-master/CMakeFiles/CMakeTmp»
/usr/bin/cmake -E cmake_progress_report /root/Документы/NN/ViZDoom-master/CMakeFiles/CMakeTmp/CMakeFiles 1
Building C object CMakeFiles/cmTryCompileExec3690469960.dir/CheckFunctionExists.c.o
/usr/bin/cc   -DCHECK_FUNCTION_EXISTS=BZ2_bzCompressInit   -o CMakeFiles/cmTryCompileExec3690469960.dir/CheckFunctionExists.c.o   -c /usr/share/cmake-3.0/Modules/CheckFunctionExists.c
Linking C executable cmTryCompileExec3690469960
/usr/bin/cmake -E cmake_link_script CMakeFiles/cmTryCompileExec3690469960.dir/link.txt --verbose=1
/usr/bin/cc   -DCHECK_FUNCTION_EXISTS=BZ2_bzCompressInit    CMakeFiles/cmTryCompileExec3690469960.dir/CheckFunctionExists.c.o  -o cmTryCompileExec3690469960 -rdynamic -lbz2 
make[1]: выход из каталога «/root/Документы/NN/ViZDoom-master/CMakeFiles/CMakeTmp»


Performing C++ SOURCE FILE Test HAVE_NO_ARRAY_BOUNDS succeded with the following output:
Change Dir: /root/Документы/NN/ViZDoom-master/CMakeFiles/CMakeTmp

Run Build Command:"/usr/bin/make" "cmTryCompileExec582228036/fast"
/usr/bin/make -f CMakeFiles/cmTryCompileExec582228036.dir/build.make CMakeFiles/cmTryCompileExec582228036.dir/build
make[1]: Entering directory '/root/Документы/NN/ViZDoom-master/CMakeFiles/CMakeTmp'
/usr/bin/cmake -E cmake_progress_report /root/Документы/NN/ViZDoom-master/CMakeFiles/CMakeTmp/CMakeFiles 1
Building CXX object CMakeFiles/cmTryCompileExec582228036.dir/src.cxx.o
/usr/bin/c++    -Wall -Wextra -fomit-frame-pointer -DHAVE_NO_ARRAY_BOUNDS   -Wno-array-bounds -o CMakeFiles/cmTryCompileExec582228036.dir/src.cxx.o -c /root/Документы/NN/ViZDoom-master/CMakeFiles/CMakeTmp/src.cxx
Linking CXX executable cmTryCompileExec582228036
/usr/bin/cmake -E cmake_link_script CMakeFiles/cmTryCompileExec582228036.dir/link.txt --verbose=1
/usr/bin/c++     -Wall -Wextra -fomit-frame-pointer -DHAVE_NO_ARRAY_BOUNDS    CMakeFiles/cmTryCompileExec582228036.dir/src.cxx.o  -o cmTryCompileExec582228036 -rdynamic 
make[1]: Leaving directory '/root/Документы/NN/ViZDoom-master/CMakeFiles/CMakeTmp'

Source file was:
int main() { return 0; }
Performing C++ SOURCE FILE Test __LIBGME_TEST_VISIBILITY succeded with the following output:
Change Dir: /root/Документы/NN/ViZDoom-master/CMakeFiles/CMakeTmp

Run Build Command:"/usr/bin/make" "cmTryCompileExec2597102011/fast"
/usr/bin/make -f CMakeFiles/cmTryCompileExec2597102011.dir/build.make CMakeFiles/cmTryCompileExec2597102011.dir/build
make[1]: Entering directory '/root/Документы/NN/ViZDoom-master/CMakeFiles/CMakeTmp'
/usr/bin/cmake -E cmake_progress_report /root/Документы/NN/ViZDoom-master/CMakeFiles/CMakeTmp/CMakeFiles 1
Building CXX object CMakeFiles/cmTryCompileExec2597102011.dir/src.cxx.o
/usr/bin/c++    -Wall -Wextra -fomit-frame-pointer -Wno-array-bounds -D__LIBGME_TEST_VISIBILITY   -fvisibility=hidden -o CMakeFiles/cmTryCompileExec2597102011.dir/src.cxx.o -c /root/Документы/NN/ViZDoom-master/CMakeFiles/CMakeTmp/src.cxx
Linking CXX executable cmTryCompileExec2597102011
/usr/bin/cmake -E cmake_link_script CMakeFiles/cmTryCompileExec2597102011.dir/link.txt --verbose=1
/usr/bin/c++     -Wall -Wextra -fomit-frame-pointer -Wno-array-bounds -D__LIBGME_TEST_VISIBILITY    CMakeFiles/cmTryCompileExec2597102011.dir/src.cxx.o  -o cmTryCompileExec2597102011 -rdynamic 
make[1]: Leaving directory '/root/Документы/NN/ViZDoom-master/CMakeFiles/CMakeTmp'

Source file was:
int main() { return 0; }
Determining if the function strdup exists passed with the following output:
Change Dir: /root/Документы/NN/ViZDoom-master/CMakeFiles/CMakeTmp

Run Build Command:"/usr/bin/make" "cmTryCompileExec2585075220/fast"
/usr/bin/make -f CMakeFiles/cmTryCompileExec2585075220.dir/build.make CMakeFiles/cmTryCompileExec2585075220.dir/build
make[1]: вход в каталог «/root/Документы/NN/ViZDoom-master/CMakeFiles/CMakeTmp»
/usr/bin/cmake -E cmake_progress_report /root/Документы/NN/ViZDoom-master/CMakeFiles/CMakeTmp/CMakeFiles 1
Building C object CMakeFiles/cmTryCompileExec2585075220.dir/CheckFunctionExists.c.o
/usr/bin/cc   -DCHECK_FUNCTION_EXISTS=strdup   -o CMakeFiles/cmTryCompileExec2585075220.dir/CheckFunctionExists.c.o   -c /usr/share/cmake-3.0/Modules/CheckFunctionExists.c
<command-line>:0:23: warning: conflicting types for built-in function ‘strdup’
/usr/share/cmake-3.0/Modules/CheckFunctionExists.c:3:6: note: in expansion of macro ‘CHECK_FUNCTION_EXISTS’
 char CHECK_FUNCTION_EXISTS();
      ^
Linking C executable cmTryCompileExec2585075220
/usr/bin/cmake -E cmake_link_script CMakeFiles/cmTryCompileExec2585075220.dir/link.txt --verbose=1
/usr/bin/cc    -DCHECK_FUNCTION_EXISTS=strdup    CMakeFiles/cmTryCompileExec2585075220.dir/CheckFunctionExists.c.o  -o cmTryCompileExec2585075220 -rdynamic 
make[1]: выход из каталога «/root/Документы/NN/ViZDoom-master/CMakeFiles/CMakeTmp»


Determining if the function strndup exists passed with the following output:
Change Dir: /root/Документы/NN/ViZDoom-master/CMakeFiles/CMakeTmp

Run Build Command:"/usr/bin/make" "cmTryCompileExec690707228/fast"
/usr/bin/make -f CMakeFiles/cmTryCompileExec690707228.dir/build.make CMakeFiles/cmTryCompileExec690707228.dir/build
make[1]: вход в каталог «/root/Документы/NN/ViZDoom-master/CMakeFiles/CMakeTmp»
/usr/bin/cmake -E cmake_progress_report /root/Документы/NN/ViZDoom-master/CMakeFiles/CMakeTmp/CMakeFiles 1
Building C object CMakeFiles/cmTryCompileExec690707228.dir/CheckFunctionExists.c.o
/usr/bin/cc   -DCHECK_FUNCTION_EXISTS=strndup   -o CMakeFiles/cmTryCompileExec690707228.dir/CheckFunctionExists.c.o   -c /usr/share/cmake-3.0/Modules/CheckFunctionExists.c
<command-line>:0:23: warning: conflicting types for built-in function ‘strndup’
/usr/share/cmake-3.0/Modules/CheckFunctionExists.c:3:6: note: in expansion of macro ‘CHECK_FUNCTION_EXISTS’
 char CHECK_FUNCTION_EXISTS();
      ^
Linking C executable cmTryCompileExec690707228
/usr/bin/cmake -E cmake_link_script CMakeFiles/cmTryCompileExec690707228.dir/link.txt --verbose=1
/usr/bin/cc    -DCHECK_FUNCTION_EXISTS=strndup    CMakeFiles/cmTryCompileExec690707228.dir/CheckFunctionExists.c.o  -o cmTryCompileExec690707228 -rdynamic 
make[1]: выход из каталога «/root/Документы/NN/ViZDoom-master/CMakeFiles/CMakeTmp»


Determining if the include file sys/types.h exists passed with the following output:
Change Dir: /root/Документы/NN/ViZDoom-master/CMakeFiles/CMakeTmp

Run Build Command:"/usr/bin/make" "cmTryCompileExec985911629/fast"
/usr/bin/make -f CMakeFiles/cmTryCompileExec985911629.dir/build.make CMakeFiles/cmTryCompileExec985911629.dir/build
make[1]: вход в каталог «/root/Документы/NN/ViZDoom-master/CMakeFiles/CMakeTmp»
/usr/bin/cmake -E cmake_progress_report /root/Документы/NN/ViZDoom-master/CMakeFiles/CMakeTmp/CMakeFiles 1
Building C object CMakeFiles/cmTryCompileExec985911629.dir/CheckIncludeFile.c.o
/usr/bin/cc    -o CMakeFiles/cmTryCompileExec985911629.dir/CheckIncludeFile.c.o   -c /root/Документы/NN/ViZDoom-master/CMakeFiles/CMakeTmp/CheckIncludeFile.c
Linking C executable cmTryCompileExec985911629
/usr/bin/cmake -E cmake_link_script CMakeFiles/cmTryCompileExec985911629.dir/link.txt --verbose=1
/usr/bin/cc        CMakeFiles/cmTryCompileExec985911629.dir/CheckIncludeFile.c.o  -o cmTryCompileExec985911629 -rdynamic 
make[1]: выход из каталога «/root/Документы/NN/ViZDoom-master/CMakeFiles/CMakeTmp»


Determining if the include file stdint.h exists passed with the following output:
Change Dir: /root/Документы/NN/ViZDoom-master/CMakeFiles/CMakeTmp

Run Build Command:"/usr/bin/make" "cmTryCompileExec1736264063/fast"
/usr/bin/make -f CMakeFiles/cmTryCompileExec1736264063.dir/build.make CMakeFiles/cmTryCompileExec1736264063.dir/build
make[1]: вход в каталог «/root/Документы/NN/ViZDoom-master/CMakeFiles/CMakeTmp»
/usr/bin/cmake -E cmake_progress_report /root/Документы/NN/ViZDoom-master/CMakeFiles/CMakeTmp/CMakeFiles 1
Building C object CMakeFiles/cmTryCompileExec1736264063.dir/CheckIncludeFile.c.o
/usr/bin/cc    -o CMakeFiles/cmTryCompileExec1736264063.dir/CheckIncludeFile.c.o   -c /root/Документы/NN/ViZDoom-master/CMakeFiles/CMakeTmp/CheckIncludeFile.c
Linking C executable cmTryCompileExec1736264063
/usr/bin/cmake -E cmake_link_script CMakeFiles/cmTryCompileExec1736264063.dir/link.txt --verbose=1
/usr/bin/cc        CMakeFiles/cmTryCompileExec1736264063.dir/CheckIncludeFile.c.o  -o cmTryCompileExec1736264063 -rdynamic 
make[1]: выход из каталога «/root/Документы/NN/ViZDoom-master/CMakeFiles/CMakeTmp»


Determining if the include file stddef.h exists passed with the following output:
Change Dir: /root/Документы/NN/ViZDoom-master/CMakeFiles/CMakeTmp

Run Build Command:"/usr/bin/make" "cmTryCompileExec4007377594/fast"
/usr/bin/make -f CMakeFiles/cmTryCompileExec4007377594.dir/build.make CMakeFiles/cmTryCompileExec4007377594.dir/build
make[1]: вход в каталог «/root/Документы/NN/ViZDoom-master/CMakeFiles/CMakeTmp»
/usr/bin/cmake -E cmake_progress_report /root/Документы/NN/ViZDoom-master/CMakeFiles/CMakeTmp/CMakeFiles 1
Building C object CMakeFiles/cmTryCompileExec4007377594.dir/CheckIncludeFile.c.o
/usr/bin/cc    -o CMakeFiles/cmTryCompileExec4007377594.dir/CheckIncludeFile.c.o   -c /root/Документы/NN/ViZDoom-master/CMakeFiles/CMakeTmp/CheckIncludeFile.c
Linking C executable cmTryCompileExec4007377594
/usr/bin/cmake -E cmake_link_script CMakeFiles/cmTryCompileExec4007377594.dir/link.txt --verbose=1
/usr/bin/cc        CMakeFiles/cmTryCompileExec4007377594.dir/CheckIncludeFile.c.o  -o cmTryCompileExec4007377594 -rdynamic 
make[1]: выход из каталога «/root/Документы/NN/ViZDoom-master/CMakeFiles/CMakeTmp»


Determining size of char passed with the following output:
Change Dir: /root/Документы/NN/ViZDoom-master/CMakeFiles/CMakeTmp

Run Build Command:"/usr/bin/make" "cmTryCompileExec3529336494/fast"
/usr/bin/make -f CMakeFiles/cmTryCompileExec3529336494.dir/build.make CMakeFiles/cmTryCompileExec3529336494.dir/build
make[1]: вход в каталог «/root/Документы/NN/ViZDoom-master/CMakeFiles/CMakeTmp»
/usr/bin/cmake -E cmake_progress_report /root/Документы/NN/ViZDoom-master/CMakeFiles/CMakeTmp/CMakeFiles 1
Building C object CMakeFiles/cmTryCompileExec3529336494.dir/SIZEOF_CHAR.c.o
/usr/bin/cc    -o CMakeFiles/cmTryCompileExec3529336494.dir/SIZEOF_CHAR.c.o   -c /root/Документы/NN/ViZDoom-master/CMakeFiles/CheckTypeSize/SIZEOF_CHAR.c
Linking C executable cmTryCompileExec3529336494
/usr/bin/cmake -E cmake_link_script CMakeFiles/cmTryCompileExec3529336494.dir/link.txt --verbose=1
/usr/bin/cc        CMakeFiles/cmTryCompileExec3529336494.dir/SIZEOF_CHAR.c.o  -o cmTryCompileExec3529336494 -rdynamic 
make[1]: выход из каталога «/root/Документы/NN/ViZDoom-master/CMakeFiles/CMakeTmp»


Determining size of short passed with the following output:
Change Dir: /root/Документы/NN/ViZDoom-master/CMakeFiles/CMakeTmp

Run Build Command:"/usr/bin/make" "cmTryCompileExec1831647858/fast"
/usr/bin/make -f CMakeFiles/cmTryCompileExec1831647858.dir/build.make CMakeFiles/cmTryCompileExec1831647858.dir/build
make[1]: вход в каталог «/root/Документы/NN/ViZDoom-master/CMakeFiles/CMakeTmp»
/usr/bin/cmake -E cmake_progress_report /root/Документы/NN/ViZDoom-master/CMakeFiles/CMakeTmp/CMakeFiles 1
Building C object CMakeFiles/cmTryCompileExec1831647858.dir/SIZEOF_SHORT.c.o
/usr/bin/cc    -o CMakeFiles/cmTryCompileExec1831647858.dir/SIZEOF_SHORT.c.o   -c /root/Документы/NN/ViZDoom-master/CMakeFiles/CheckTypeSize/SIZEOF_SHORT.c
Linking C executable cmTryCompileExec1831647858
/usr/bin/cmake -E cmake_link_script CMakeFiles/cmTryCompileExec1831647858.dir/link.txt --verbose=1
/usr/bin/cc        CMakeFiles/cmTryCompileExec1831647858.dir/SIZEOF_SHORT.c.o  -o cmTryCompileExec1831647858 -rdynamic 
make[1]: выход из каталога «/root/Документы/NN/ViZDoom-master/CMakeFiles/CMakeTmp»


Determining size of int passed with the following output:
Change Dir: /root/Документы/NN/ViZDoom-master/CMakeFiles/CMakeTmp

Run Build Command:"/usr/bin/make" "cmTryCompileExec1937917080/fast"
/usr/bin/make -f CMakeFiles/cmTryCompileExec1937917080.dir/build.make CMakeFiles/cmTryCompileExec1937917080.dir/build
make[1]: вход в каталог «/root/Документы/NN/ViZDoom-master/CMakeFiles/CMakeTmp»
/usr/bin/cmake -E cmake_progress_report /root/Документы/NN/ViZDoom-master/CMakeFiles/CMakeTmp/CMakeFiles 1
Building C object CMakeFiles/cmTryCompileExec1937917080.dir/SIZEOF_INT.c.o
/usr/bin/cc    -o CMakeFiles/cmTryCompileExec1937917080.dir/SIZEOF_INT.c.o   -c /root/Документы/NN/ViZDoom-master/CMakeFiles/CheckTypeSize/SIZEOF_INT.c
Linking C executable cmTryCompileExec1937917080
/usr/bin/cmake -E cmake_link_script CMakeFiles/cmTryCompileExec1937917080.dir/link.txt --verbose=1
/usr/bin/cc        CMakeFiles/cmTryCompileExec1937917080.dir/SIZEOF_INT.c.o  -o cmTryCompileExec1937917080 -rdynamic 
make[1]: выход из каталога «/root/Документы/NN/ViZDoom-master/CMakeFiles/CMakeTmp»


Determining size of long passed with the following output:
Change Dir: /root/Документы/NN/ViZDoom-master/CMakeFiles/CMakeTmp

Run Build Command:"/usr/bin/make" "cmTryCompileExec430830366/fast"
/usr/bin/make -f CMakeFiles/cmTryCompileExec430830366.dir/build.make CMakeFiles/cmTryCompileExec430830366.dir/build
make[1]: вход в каталог «/root/Документы/NN/ViZDoom-master/CMakeFiles/CMakeTmp»
/usr/bin/cmake -E cmake_progress_report /root/Документы/NN/ViZDoom-master/CMakeFiles/CMakeTmp/CMakeFiles 1
Building C object CMakeFiles/cmTryCompileExec430830366.dir/SIZEOF_LONG.c.o
/usr/bin/cc    -o CMakeFiles/cmTryCompileExec430830366.dir/SIZEOF_LONG.c.o   -c /root/Документы/NN/ViZDoom-master/CMakeFiles/CheckTypeSize/SIZEOF_LONG.c
Linking C executable cmTryCompileExec430830366
/usr/bin/cmake -E cmake_link_script CMakeFiles/cmTryCompileExec430830366.dir/link.txt --verbose=1
/usr/bin/cc        CMakeFiles/cmTryCompileExec430830366.dir/SIZEOF_LONG.c.o  -o cmTryCompileExec430830366 -rdynamic 
make[1]: выход из каталога «/root/Документы/NN/ViZDoom-master/CMakeFiles/CMakeTmp»


Performing C++ SOURCE FILE Test DUMB_CAN_USE_SSE succeded with the following output:
Change Dir: /root/Документы/NN/ViZDoom-master/CMakeFiles/CMakeTmp

Run Build Command:"/usr/bin/make" "cmTryCompileExec1687475480/fast"
/usr/bin/make -f CMakeFiles/cmTryCompileExec1687475480.dir/build.make CMakeFiles/cmTryCompileExec1687475480.dir/build
make[1]: Entering directory '/root/Документы/NN/ViZDoom-master/CMakeFiles/CMakeTmp'
/usr/bin/cmake -E cmake_progress_report /root/Документы/NN/ViZDoom-master/CMakeFiles/CMakeTmp/CMakeFiles 1
Building CXX object CMakeFiles/cmTryCompileExec1687475480.dir/src.cxx.o
/usr/bin/c++    -DDUMB_CAN_USE_SSE   -msse -o CMakeFiles/cmTryCompileExec1687475480.dir/src.cxx.o -c /root/Документы/NN/ViZDoom-master/CMakeFiles/CMakeTmp/src.cxx
Linking CXX executable cmTryCompileExec1687475480
/usr/bin/cmake -E cmake_link_script CMakeFiles/cmTryCompileExec1687475480.dir/link.txt --verbose=1
/usr/bin/c++     -DDUMB_CAN_USE_SSE    CMakeFiles/cmTryCompileExec1687475480.dir/src.cxx.o  -o cmTryCompileExec1687475480 -rdynamic 
make[1]: Leaving directory '/root/Документы/NN/ViZDoom-master/CMakeFiles/CMakeTmp'

Source file was:
int main() { return 0; }
Determining if the function clock_gettime exists in the rt passed with the following output:
Change Dir: /root/Документы/NN/ViZDoom-master/CMakeFiles/CMakeTmp

Run Build Command:"/usr/bin/make" "cmTryCompileExec2197966382/fast"
/usr/bin/make -f CMakeFiles/cmTryCompileExec2197966382.dir/build.make CMakeFiles/cmTryCompileExec2197966382.dir/build
make[1]: вход в каталог «/root/Документы/NN/ViZDoom-master/CMakeFiles/CMakeTmp»
/usr/bin/cmake -E cmake_progress_report /root/Документы/NN/ViZDoom-master/CMakeFiles/CMakeTmp/CMakeFiles 1
Building C object CMakeFiles/cmTryCompileExec2197966382.dir/CheckFunctionExists.c.o
/usr/bin/cc   -Wall -Wextra -Wno-unused -Wno-unused-parameter -Wno-missing-field-initializers -Wno-unused-result   -DCHECK_FUNCTION_EXISTS=clock_gettime   -o CMakeFiles/cmTryCompileExec2197966382.dir/CheckFunctionExists.c.o   -c /usr/share/cmake-3.0/Modules/CheckFunctionExists.c
Linking C executable cmTryCompileExec2197966382
/usr/bin/cmake -E cmake_link_script CMakeFiles/cmTryCompileExec2197966382.dir/link.txt --verbose=1
/usr/bin/cc  -Wall -Wextra -Wno-unused -Wno-unused-parameter -Wno-missing-field-initializers -Wno-unused-result   -DCHECK_FUNCTION_EXISTS=clock_gettime    CMakeFiles/cmTryCompileExec2197966382.dir/CheckFunctionExists.c.o  -o cmTryCompileExec2197966382 -rdynamic -lrt 
make[1]: выход из каталога «/root/Документы/NN/ViZDoom-master/CMakeFiles/CMakeTmp»


Performing C++ SOURCE FILE Test HAS_VA_COPY succeded with the following output:
Change Dir: /root/Документы/NN/ViZDoom-master/CMakeFiles/CMakeTmp

Run Build Command:"/usr/bin/make" "cmTryCompileExec862129893/fast"
/usr/bin/make -f CMakeFiles/cmTryCompileExec862129893.dir/build.make CMakeFiles/cmTryCompileExec862129893.dir/build
make[1]: вход в каталог «/root/Документы/NN/ViZDoom-master/CMakeFiles/CMakeTmp»
/usr/bin/cmake -E cmake_progress_report /root/Документы/NN/ViZDoom-master/CMakeFiles/CMakeTmp/CMakeFiles 1
Building CXX object CMakeFiles/cmTryCompileExec862129893.dir/src.cxx.o
/usr/bin/c++    -Wall -Wextra -Wno-unused -Wno-unused-parameter -Wno-missing-field-initializers -Wno-unused-result   -DHAS_VA_COPY   -o CMakeFiles/cmTryCompileExec862129893.dir/src.cxx.o -c /root/Документы/NN/ViZDoom-master/CMakeFiles/CMakeTmp/src.cxx
Linking CXX executable cmTryCompileExec862129893
/usr/bin/cmake -E cmake_link_script CMakeFiles/cmTryCompileExec862129893.dir/link.txt --verbose=1
/usr/bin/c++   -Wall -Wextra -Wno-unused -Wno-unused-parameter -Wno-missing-field-initializers -Wno-unused-result   -DHAS_VA_COPY    CMakeFiles/cmTryCompileExec862129893.dir/src.cxx.o  -o cmTryCompileExec862129893 -rdynamic 
make[1]: выход из каталога «/root/Документы/NN/ViZDoom-master/CMakeFiles/CMakeTmp»

Source file was:
#include <stdarg.h>
	int main() { va_list list1, list2; va_copy(list1, list2); return 0; }
